\BOOKMARK [0][-]{makecovercn.0}{\376\377\116\055\145\207\134\001\227\142}{}% 1
\BOOKMARK [0][-]{makecoverinner.0}{\376\377\230\230\166\356\230\165}{}% 2
\BOOKMARK [0][-]{makestatementhbpu.0}{\376\377\156\126\164\006\130\360\146\016}{}% 3
\BOOKMARK [0][-]{abstructkeyword.0}{\376\377\116\055\202\361\144\130\211\201}{}% 4
\BOOKMARK [-3][-]{makecontextlist.-3}{\376\377\166\356\137\125}{}% 5
\BOOKMARK [-2][-]{chapter.3}{\376\377\213\272\176\352}{makecontextlist.-3}% 6
\BOOKMARK [-1][-]{section.4}{\376\377\121\231\127\050\122\115\227\142}{chapter.3}% 7
\BOOKMARK [0][-]{section.5}{\376\377\151\202\217\360}{section.4}% 8
\BOOKMARK [1][-]{section.6}{\376\377\121\205\133\271\211\201\154\102}{section.5}% 9
\BOOKMARK [2][-]{subsection.8}{\376\377\134\001\227\142}{section.6}% 10
\BOOKMARK [2][-]{subsection.9}{\376\377\230\230\124\015\230\165}{section.6}% 11
\BOOKMARK [2][-]{subsection.10}{\376\377\162\354\122\033\140\047\130\360\146\016\124\214\117\177\165\050\143\210\147\103\116\146}{section.6}% 12
\BOOKMARK [2][-]{subsection.11}{\376\377\144\130\211\201}{section.6}% 13
\BOOKMARK [2][-]{subsection.12}{\376\377\166\356\137\125}{section.6}% 14
\BOOKMARK [2][-]{subsection.13}{\376\377\126\376\210\150\156\005\123\125\123\312\116\073\211\201\173\046\123\367\210\150}{section.6}% 15
\BOOKMARK [2][-]{subsection.14}{\376\377\116\073\117\123\220\350\122\006}{section.6}% 16
\BOOKMARK [2][-]{subsection.15}{\376\377\123\302\200\003\145\207\163\056}{section.6}% 17
\BOOKMARK [2][-]{subsection.16}{\376\377\226\104\137\125}{section.6}% 18
\BOOKMARK [2][-]{subsection.17}{\376\377\142\020\147\234}{section.6}% 19
\BOOKMARK [2][-]{subsection.18}{\376\377\201\364\214\042}{section.6}% 20
\BOOKMARK [2][-]{subsection.19}{\376\377\117\134\200\005\173\200\116\313}{section.6}% 21
\BOOKMARK [0][-]{chapter.20}{\376\377\213\364\146\016}{section.4}% 22
\BOOKMARK [1][-]{section.21}{\376\377\133\217\123\005\117\177\165\050}{chapter.20}% 23
\BOOKMARK [1][-]{section.23}{\376\377\220\011\230\171\213\276\177\156}{chapter.20}% 24
\BOOKMARK [1][-]{section.24}{\376\377\172\340\202\202\144\260\121\231}{chapter.20}% 25
\BOOKMARK [1][-]{section.25}{\376\377\154\350\141\017\116\213\230\171}{chapter.20}% 26
\BOOKMARK [1][-]{section.26}{\376\377\000T\000o\000D\000o}{chapter.20}% 27
\BOOKMARK [1][-]{section.27}{\376\377\141\017\211\301\123\312\225\356\230\230\123\315\231\210}{chapter.20}% 28
\BOOKMARK [0][-]{chapter.28}{\376\377\171\072\117\213}{section.4}% 29
\BOOKMARK [1][-]{section.29}{\376\377\123\302\200\003\145\207\163\056\137\025\165\050}{chapter.28}% 30
\BOOKMARK [2][-]{subsection.30}{\376\377\145\160\133\127\150\007\154\350}{section.29}% 31
\BOOKMARK [2][-]{subsection.31}{\376\377\145\160\133\127\150\007\154\350\000-\116\012\150\007\137\142\137\017}{section.29}% 32
\BOOKMARK [2][-]{subsection.32}{\376\377\204\127\200\005\000-\121\372\162\110\136\164\122\066\150\007}{section.29}% 33
\BOOKMARK [2][-]{subsection.33}{\376\377\121\166\116\326\137\142\137\017\166\204\150\007\154\350}{section.29}% 34
\BOOKMARK [1][-]{section.34}{\376\377\155\156\122\250\117\123}{chapter.28}% 35
\BOOKMARK [1][-]{section.35}{\376\377\173\227\154\325\163\257\130\203}{chapter.28}% 36
\BOOKMARK [2][-]{subsection.48}{\376\377\116\011\176\277\210\150}{section.35}% 37
\BOOKMARK [1][-]{section.51}{\376\377\225\177\210\150\150\074}{chapter.28}% 38
\BOOKMARK [1][-]{section.52}{\376\377\143\322\126\376}{chapter.28}% 39
\BOOKMARK [1][-]{section.54}{\376\377\145\160\133\146\163\257\130\203}{chapter.28}% 40
\BOOKMARK [2][-]{subsection.55}{\376\377\145\160\133\146\173\046\123\367}{section.54}% 41
\BOOKMARK [2][-]{subsection.59}{\376\377\133\232\164\006\060\001\137\025\164\006\124\214\213\301\146\016}{section.54}% 42
\BOOKMARK [2][-]{subsection.77}{\376\377\201\352\133\232\116\111}{section.54}% 43
\BOOKMARK [0][-]{chapter.81}{\376\377\171\072\117\213}{section.4}% 44
\BOOKMARK [1][-]{section.82}{\376\377\123\302\200\003\145\207\163\056\137\025\165\050}{chapter.81}% 45
\BOOKMARK [2][-]{subsection.83}{\376\377\145\160\133\127\150\007\154\350}{section.82}% 46
\BOOKMARK [2][-]{subsection.84}{\376\377\145\160\133\127\150\007\154\350\000-\116\012\150\007\137\142\137\017}{section.82}% 47
\BOOKMARK [2][-]{subsection.85}{\376\377\204\127\200\005\000-\121\372\162\110\136\164\122\066\150\007}{section.82}% 48
\BOOKMARK [2][-]{subsection.86}{\376\377\121\166\116\326\137\142\137\017\166\204\150\007\154\350}{section.82}% 49
\BOOKMARK [1][-]{section.87}{\376\377\155\156\122\250\117\123}{chapter.81}% 50
\BOOKMARK [1][-]{section.88}{\376\377\173\227\154\325\163\257\130\203}{chapter.81}% 51
\BOOKMARK [2][-]{subsection.101}{\376\377\116\011\176\277\210\150}{section.88}% 52
\BOOKMARK [1][-]{section.104}{\376\377\225\177\210\150\150\074}{chapter.81}% 53
\BOOKMARK [1][-]{section.105}{\376\377\143\322\126\376}{chapter.81}% 54
\BOOKMARK [1][-]{section.107}{\376\377\145\160\133\146\163\257\130\203}{chapter.81}% 55
\BOOKMARK [2][-]{subsection.108}{\376\377\145\160\133\146\173\046\123\367}{section.107}% 56
\BOOKMARK [2][-]{subsection.112}{\376\377\133\232\164\006\060\001\137\025\164\006\124\214\213\301\146\016}{section.107}% 57
\BOOKMARK [2][-]{subsection.130}{\376\377\201\352\133\232\116\111}{section.107}% 58
\BOOKMARK [0][-]{section*.134}{\376\377\123\302\200\003\145\207\163\056}{section.4}% 59
\BOOKMARK [0][-]{appendix*.140}{\376\377\201\364\000\040\000\040\000\040\000\040\214\042}{section.4}% 60
\BOOKMARK [0][-]{appendix*.141}{\376\377\127\050\213\373\147\037\225\364\123\321\210\150\213\272\145\207}{section.4}% 61
